[debug] [2025-06-30T19:44:22.649Z] ----------------------------------------------------------------------
[debug] [2025-06-30T19:44:22.658Z] Command:       C:\nvm4w\nodejs\node.exe C:\nvm4w\nodejs\node_modules\firebase-tools\lib\bin\firebase.js deploy
[debug] [2025-06-30T19:44:22.659Z] CLI Version:   14.8.0
[debug] [2025-06-30T19:44:22.659Z] Platform:      win32
[debug] [2025-06-30T19:44:22.659Z] Node Version:  v20.19.2
[debug] [2025-06-30T19:44:22.659Z] Time:          Tue Jul 01 2025 01:14:22 GMT+0530 (India Standard Time)
[debug] [2025-06-30T19:44:22.659Z] ----------------------------------------------------------------------
[debug] 
[debug] [2025-06-30T19:44:22.661Z] >>> [apiv2][query] GET https://firebase-public.firebaseio.com/cli.json [none]
[debug] [2025-06-30T19:44:22.927Z] > command requires scopes: ["email","openid","https://www.googleapis.com/auth/cloudplatformprojects.readonly","https://www.googleapis.com/auth/firebase","https://www.googleapis.com/auth/cloud-platform"]
[debug] [2025-06-30T19:44:22.927Z] > authorizing via signed-in user (rishabhvishwakarma398@gmail.com)
[debug] [2025-06-30T19:44:22.928Z] [iam] checking project presshopdev-db299 for permissions ["firebase.projects.get","firebasehosting.sites.update"]
[debug] [2025-06-30T19:44:22.928Z] Checked if tokens are valid: false, expires at: 1751143108869
[debug] [2025-06-30T19:44:22.929Z] Checked if tokens are valid: false, expires at: 1751143108869
[debug] [2025-06-30T19:44:22.929Z] > refreshing access token with scopes: []
[debug] [2025-06-30T19:44:22.930Z] >>> [apiv2][query] POST https://www.googleapis.com/oauth2/v3/token [none]
[debug] [2025-06-30T19:44:22.930Z] >>> [apiv2][body] POST https://www.googleapis.com/oauth2/v3/token [omitted]
[debug] [2025-06-30T19:44:22.936Z] *** [apiv2] error from fetch(https://firebase-public.firebaseio.com/cli.json, {"headers":{},"method":"GET"}): FetchError: request to https://firebase-public.firebaseio.com/cli.json failed, reason: getaddrinfo ENOTFOUND firebase-public.firebaseio.com
[warn] !  Unable to fetch the CLI MOTD and remote config. This is not a fatal error, but may indicate an issue with your network connection. 
[debug] [2025-06-30T19:44:22.938Z] Failed to fetch MOTD FirebaseError: Failed to make request to https://firebase-public.firebaseio.com/cli.json
[debug] [2025-06-30T19:44:22.942Z] *** [apiv2] error from fetch(https://www.googleapis.com/oauth2/v3/token, {"headers":{},"method":"POST","body":{"_overheadLength":545,"_valueLength":212,"_valuesToMeasure":[],"writable":false,"readable":true,"dataSize":0,"maxDataSize":2097152,"pauseStreams":true,"_released":true,"_streams":[],"_currentStream":null,"_insideLoop":false,"_pendingNext":false,"_boundary":"--------------------------337220264523667467582553","_events":{},"_eventsCount":1}}): FetchError: request to https://www.googleapis.com/oauth2/v3/token failed, reason: getaddrinfo ENOTFOUND www.googleapis.com
[error] Authentication Error: Your credentials are no longer valid. Please run firebase login --reauth

For CI servers and headless environments, generate a new token with firebase login:ci
[debug] [2025-06-30T19:44:22.943Z] [iam] error while checking permissions, command may fail: Authentication Error: Your credentials are no longer valid. Please run firebase login --reauth

For CI servers and headless environments, generate a new token with firebase login:ci
[debug] [2025-06-30T19:44:22.943Z] Checked if tokens are valid: false, expires at: 1751143108869
[debug] [2025-06-30T19:44:22.943Z] Checked if tokens are valid: false, expires at: 1751143108869
[debug] [2025-06-30T19:44:22.944Z] > refreshing access token with scopes: []
[debug] [2025-06-30T19:44:22.944Z] >>> [apiv2][query] POST https://www.googleapis.com/oauth2/v3/token [none]
[debug] [2025-06-30T19:44:22.944Z] >>> [apiv2][body] POST https://www.googleapis.com/oauth2/v3/token [omitted]
[debug] [2025-06-30T19:44:22.961Z] *** [apiv2] error from fetch(https://www.googleapis.com/oauth2/v3/token, {"headers":{},"method":"POST","body":{"_overheadLength":545,"_valueLength":212,"_valuesToMeasure":[],"writable":false,"readable":true,"dataSize":0,"maxDataSize":2097152,"pauseStreams":true,"_released":true,"_streams":[],"_currentStream":null,"_insideLoop":false,"_pendingNext":false,"_boundary":"--------------------------453242675561933638550729","_events":{},"_eventsCount":1}}): FetchError: request to https://www.googleapis.com/oauth2/v3/token failed, reason: getaddrinfo ENOTFOUND www.googleapis.com
[error] Authentication Error: Your credentials are no longer valid. Please run firebase login --reauth

For CI servers and headless environments, generate a new token with firebase login:ci
[debug] [2025-06-30T19:44:22.961Z] Authentication Error: Your credentials are no longer valid. Please run firebase login --reauth

For CI servers and headless environments, generate a new token with firebase login:ci
[error] 
[error] Error: Assertion failed: resolving hosting target of a site with no site name or target name. This should have caused an error earlier
[debug] [2025-06-30T19:46:55.981Z] ----------------------------------------------------------------------
[debug] [2025-06-30T19:46:55.983Z] Command:       C:\nvm4w\nodejs\node.exe C:\nvm4w\nodejs\node_modules\firebase-tools\lib\bin\firebase.js deploy
[debug] [2025-06-30T19:46:55.984Z] CLI Version:   14.8.0
[debug] [2025-06-30T19:46:55.984Z] Platform:      win32
[debug] [2025-06-30T19:46:55.984Z] Node Version:  v20.19.2
[debug] [2025-06-30T19:46:55.984Z] Time:          Tue Jul 01 2025 01:16:55 GMT+0530 (India Standard Time)
[debug] [2025-06-30T19:46:55.984Z] ----------------------------------------------------------------------
[debug] 
[debug] [2025-06-30T19:46:55.986Z] >>> [apiv2][query] GET https://firebase-public.firebaseio.com/cli.json [none]
[debug] [2025-06-30T19:46:56.246Z] > command requires scopes: ["email","openid","https://www.googleapis.com/auth/cloudplatformprojects.readonly","https://www.googleapis.com/auth/firebase","https://www.googleapis.com/auth/cloud-platform"]
[debug] [2025-06-30T19:46:56.246Z] > authorizing via signed-in user (rishabhvishwakarma398@gmail.com)
[debug] [2025-06-30T19:46:56.247Z] [iam] checking project presshopdev-db299 for permissions ["firebase.projects.get","firebasehosting.sites.update"]
[debug] [2025-06-30T19:46:56.248Z] Checked if tokens are valid: false, expires at: 1751143108869
[debug] [2025-06-30T19:46:56.248Z] Checked if tokens are valid: false, expires at: 1751143108869
[debug] [2025-06-30T19:46:56.248Z] > refreshing access token with scopes: []
[debug] [2025-06-30T19:46:56.249Z] >>> [apiv2][query] POST https://www.googleapis.com/oauth2/v3/token [none]
[debug] [2025-06-30T19:46:56.249Z] >>> [apiv2][body] POST https://www.googleapis.com/oauth2/v3/token [omitted]
[debug] [2025-06-30T19:46:56.256Z] *** [apiv2] error from fetch(https://firebase-public.firebaseio.com/cli.json, {"headers":{},"method":"GET"}): FetchError: request to https://firebase-public.firebaseio.com/cli.json failed, reason: getaddrinfo ENOTFOUND firebase-public.firebaseio.com
[warn] !  Unable to fetch the CLI MOTD and remote config. This is not a fatal error, but may indicate an issue with your network connection. 
[debug] [2025-06-30T19:46:56.257Z] Failed to fetch MOTD FirebaseError: Failed to make request to https://firebase-public.firebaseio.com/cli.json
[debug] [2025-06-30T19:46:56.260Z] *** [apiv2] error from fetch(https://www.googleapis.com/oauth2/v3/token, {"headers":{},"method":"POST","body":{"_overheadLength":545,"_valueLength":212,"_valuesToMeasure":[],"writable":false,"readable":true,"dataSize":0,"maxDataSize":2097152,"pauseStreams":true,"_released":true,"_streams":[],"_currentStream":null,"_insideLoop":false,"_pendingNext":false,"_boundary":"--------------------------774411527053247954909402","_events":{},"_eventsCount":1}}): FetchError: request to https://www.googleapis.com/oauth2/v3/token failed, reason: getaddrinfo ENOTFOUND www.googleapis.com
[error] Authentication Error: Your credentials are no longer valid. Please run firebase login --reauth

For CI servers and headless environments, generate a new token with firebase login:ci
[debug] [2025-06-30T19:46:56.261Z] [iam] error while checking permissions, command may fail: Authentication Error: Your credentials are no longer valid. Please run firebase login --reauth

For CI servers and headless environments, generate a new token with firebase login:ci
[debug] [2025-06-30T19:46:56.261Z] Checked if tokens are valid: false, expires at: 1751143108869
[debug] [2025-06-30T19:46:56.261Z] Checked if tokens are valid: false, expires at: 1751143108869
[debug] [2025-06-30T19:46:56.261Z] > refreshing access token with scopes: []
[debug] [2025-06-30T19:46:56.262Z] >>> [apiv2][query] POST https://www.googleapis.com/oauth2/v3/token [none]
[debug] [2025-06-30T19:46:56.262Z] >>> [apiv2][body] POST https://www.googleapis.com/oauth2/v3/token [omitted]
[debug] [2025-06-30T19:46:56.271Z] *** [apiv2] error from fetch(https://www.googleapis.com/oauth2/v3/token, {"headers":{},"method":"POST","body":{"_overheadLength":545,"_valueLength":212,"_valuesToMeasure":[],"writable":false,"readable":true,"dataSize":0,"maxDataSize":2097152,"pauseStreams":true,"_released":true,"_streams":[],"_currentStream":null,"_insideLoop":false,"_pendingNext":false,"_boundary":"--------------------------710123672190560873699700","_events":{},"_eventsCount":1}}): FetchError: request to https://www.googleapis.com/oauth2/v3/token failed, reason: getaddrinfo ENOTFOUND www.googleapis.com
[error] Authentication Error: Your credentials are no longer valid. Please run firebase login --reauth

For CI servers and headless environments, generate a new token with firebase login:ci
[debug] [2025-06-30T19:46:56.271Z] Authentication Error: Your credentials are no longer valid. Please run firebase login --reauth

For CI servers and headless environments, generate a new token with firebase login:ci
[error] 
[error] Error: Assertion failed: resolving hosting target of a site with no site name or target name. This should have caused an error earlier
